<?xml version="1.0" encoding="UTF-8"?>
<testsuite xmlns:xsi="http://www.w3.org/2001/XMLSchema-instance" xsi:noNamespaceSchemaLocation="https://maven.apache.org/surefire/maven-surefire-plugin/xsd/surefire-test-report.xsd" version="3.0.2" name="br.com.gabrielmaran.pessoa.integrationtest.controllers.withyaml.BookControllerYAMLTest" time="0.176" tests="5" errors="0" skipped="0" failures="0">
  <properties>
[...]
</properties>
  <testcase name="createBook" classname="br.com.gabrielmaran.pessoa.integrationtest.controllers.withyaml.BookControllerYAMLTest" time="0.046">
    <system-out><![CDATA[2026-02-14T16:01:38.412-03:00  INFO 2640 --- [aprendendoSpring] [           main] t.c.s.AnnotationConfigContextLoaderUtils : Could not detect default configuration classes for test class [br.com.gabrielmaran.pessoa.integrationtest.testcontainers.AbstractIntegrationTest]: AbstractIntegrationTest does not declare any static, non-private, non-final, nested classes annotated with @Configuration.
2026-02-14T16:01:38.434-03:00  INFO 2640 --- [aprendendoSpring] [           main] .b.t.c.SpringBootTestContextBootstrapper : Found @SpringBootConfiguration br.com.gabrielmaran.pessoa.Startup for test class br.com.gabrielmaran.pessoa.integrationtest.controllers.withyaml.BookControllerYAMLTest
Request method:	POST
Request URI:	http://localhost:8888/api/book/v1
Proxy:			<none>
Request params:	<none>
Query params:	<none>
Form params:	<none>
Path params:	<none>
Headers:		Origin=http://localhost:8080
				Accept=application/yaml
				Content-Type=application/yaml; charset=ISO-8859-1
Cookies:		<none>
Multiparts:		<none>
Body:
---
id: 1
author: "AUTHOR-TESTE"
launch_date: 1771038000000
price: 1
title: "TITLE-TESTE"
links: []

2026-02-14T16:01:38.458-03:00  INFO 2640 --- [aprendendoSpring] [nio-8888-exec-5] b.c.g.pessoa.service.BookService         : Creating one person
HTTP/1.1 200 
Vary: Origin
Vary: Access-Control-Request-Method
Vary: Access-Control-Request-Headers
Access-Control-Allow-Origin: http://localhost:8080
Access-Control-Allow-Credentials: true
Content-Type: application/yaml
Transfer-Encoding: chunked
Date: Sat, 14 Feb 2026 19:01:38 GMT
Keep-Alive: timeout=60
Connection: keep-alive

---
id: 1
author: "AUTHOR-TESTE"
launch_date: 1771038000000
price: 1
title: "TITLE-TESTE"
links:
- rel: "self"
  href: "http://localhost:8888/api/book/v1/1"
  type: "GET"
- rel: "findPeople"
  href: "http://localhost:8888/api/book/v1?page=0&size=12&direction=asc"
  type: "GET"
- rel: "create"
  href: "http://localhost:8888/api/book/v1"
  type: "POST"
- rel: "edit"
  href: "http://localhost:8888/api/book/v1"
  type: "PUT"
- rel: "delete"
  href: "http://localhost:8888/api/book/v1/1"
  type: "DELETE"

]]></system-out>
  </testcase>
  <testcase name="updateBook" classname="br.com.gabrielmaran.pessoa.integrationtest.controllers.withyaml.BookControllerYAMLTest" time="0.033">
    <system-out><![CDATA[Request method:	PUT
Request URI:	http://localhost:8888/api/book/v1
Proxy:			<none>
Request params:	<none>
Query params:	<none>
Form params:	<none>
Path params:	<none>
Headers:		Origin=http://localhost:8080
				Accept=application/yaml
				Content-Type=application/yaml; charset=ISO-8859-1
Cookies:		<none>
Multiparts:		<none>
Body:
---
id: 1
author: "AUTHOR-TESTE-UPDATE"
launch_date: 1771038000000
price: 1
title: "TITLE-TESTE"
links:
- rel: "self"
  href: "http://localhost:8888/api/book/v1/1"
  type: "GET"
- rel: "findPeople"
  href: "http://localhost:8888/api/book/v1?page=0&size=12&direction=asc"
  type: "GET"
- rel: "create"
  href: "http://localhost:8888/api/book/v1"
  type: "POST"
- rel: "edit"
  href: "http://localhost:8888/api/book/v1"
  type: "PUT"
- rel: "delete"
  href: "http://localhost:8888/api/book/v1/1"
  type: "DELETE"

2026-02-14T16:01:38.496-03:00  INFO 2640 --- [aprendendoSpring] [nio-8888-exec-6] b.c.g.pessoa.service.BookService         : Updating one person
HTTP/1.1 200 
Vary: Origin
Vary: Access-Control-Request-Method
Vary: Access-Control-Request-Headers
Access-Control-Allow-Origin: http://localhost:8080
Access-Control-Allow-Credentials: true
Content-Type: application/yaml
Transfer-Encoding: chunked
Date: Sat, 14 Feb 2026 19:01:38 GMT
Keep-Alive: timeout=60
Connection: keep-alive

---
id: 1
author: "AUTHOR-TESTE-UPDATE"
launch_date: 1771038000000
price: 1
title: "TITLE-TESTE"
links:
- rel: "self"
  href: "http://localhost:8888/api/book/v1/1"
  type: "GET"
- rel: "findPeople"
  href: "http://localhost:8888/api/book/v1?page=0&size=12&direction=asc"
  type: "GET"
- rel: "create"
  href: "http://localhost:8888/api/book/v1"
  type: "POST"
- rel: "edit"
  href: "http://localhost:8888/api/book/v1"
  type: "PUT"
- rel: "delete"
  href: "http://localhost:8888/api/book/v1/1"
  type: "DELETE"

]]></system-out>
  </testcase>
  <testcase name="findById" classname="br.com.gabrielmaran.pessoa.integrationtest.controllers.withyaml.BookControllerYAMLTest" time="0.02">
    <system-out><![CDATA[Request method:	GET
Request URI:	http://localhost:8888/api/book/v1/1
Proxy:			<none>
Request params:	<none>
Query params:	<none>
Form params:	<none>
Path params:	id=1
Headers:		Origin=http://localhost:8080
				Accept=application/yaml
				Content-Type=application/yaml; charset=ISO-8859-1
Cookies:		<none>
Multiparts:		<none>
Body:			<none>
2026-02-14T16:01:38.525-03:00  INFO 2640 --- [aprendendoSpring] [nio-8888-exec-7] b.c.g.pessoa.service.BookService         : Finding one person by id: 1
HTTP/1.1 200 
Vary: Origin
Vary: Access-Control-Request-Method
Vary: Access-Control-Request-Headers
Access-Control-Allow-Origin: http://localhost:8080
Access-Control-Allow-Credentials: true
Content-Type: application/yaml
Transfer-Encoding: chunked
Date: Sat, 14 Feb 2026 19:01:38 GMT
Keep-Alive: timeout=60
Connection: keep-alive

---
id: 1
author: "AUTHOR-TESTE-UPDATE"
launch_date: 1771038000000
price: 1.00
title: "TITLE-TESTE"
links:
- rel: "self"
  href: "http://localhost:8888/api/book/v1/1"
  type: "GET"
- rel: "findPeople"
  href: "http://localhost:8888/api/book/v1?page=0&size=12&direction=asc"
  type: "GET"
- rel: "create"
  href: "http://localhost:8888/api/book/v1"
  type: "POST"
- rel: "edit"
  href: "http://localhost:8888/api/book/v1"
  type: "PUT"
- rel: "delete"
  href: "http://localhost:8888/api/book/v1/1"
  type: "DELETE"

]]></system-out>
  </testcase>
  <testcase name="findAll" classname="br.com.gabrielmaran.pessoa.integrationtest.controllers.withyaml.BookControllerYAMLTest" time="0.026">
    <system-out><![CDATA[Request method:	GET
Request URI:	http://localhost:8888/api/book/v1?page=1&page=size&page=2&page=direction&page=asc
Proxy:			<none>
Request params:	<none>
Query params:	page=[1, size, 2, direction, asc]
Form params:	<none>
Path params:	<none>
Headers:		Origin=http://localhost:8080
				Accept=application/yaml
Cookies:		<none>
Multiparts:		<none>
Body:			<none>
2026-02-14T16:01:38.546-03:00  INFO 2640 --- [aprendendoSpring] [nio-8888-exec-8] b.c.g.pessoa.service.BookService         : Finding all people
HTTP/1.1 200 
Vary: Origin
Vary: Access-Control-Request-Method
Vary: Access-Control-Request-Headers
Access-Control-Allow-Origin: http://localhost:8080
Access-Control-Allow-Credentials: true
Content-Type: application/yaml
Transfer-Encoding: chunked
Date: Sat, 14 Feb 2026 19:01:38 GMT
Keep-Alive: timeout=60
Connection: keep-alive

---
links:
- rel: "first"
  href: "http://localhost:8888/api/book/v1?direction=desc&page=0&size=12&sort=title,asc"
- rel: "prev"
  href: "http://localhost:8888/api/book/v1?direction=desc&page=0&size=12&sort=title,asc"
- rel: "self"
  href: "http://localhost:8888/api/book/v1?page=1&size=12&direction=desc"
- rel: "last"
  href: "http://localhost:8888/api/book/v1?direction=desc&page=1&size=12&sort=title,asc"
content:
- id: 1
  author: "AUTHOR-TESTE-UPDATE"
  launch_date: 1771038000000
  price: 1.00
  title: "TITLE-TESTE"
  links:
  - rel: "self"
    href: "http://localhost:8888/api/book/v1/1"
    type: "GET"
  - rel: "findPeople"
    href: "http://localhost:8888/api/book/v1?page=0&size=12&direction=asc"
    type: "GET"
  - rel: "create"
    href: "http://localhost:8888/api/book/v1"
    type: "POST"
  - rel: "edit"
    href: "http://localhost:8888/api/book/v1"
    type: "PUT"
  - rel: "delete"
    href: "http://localhost:8888/api/book/v1/1"
    type: "DELETE"
  links: []
page:
  size: 12
  totalElements: 13
  totalPages: 2
  number: 1

]]></system-out>
  </testcase>
  <testcase name="deleteBook" classname="br.com.gabrielmaran.pessoa.integrationtest.controllers.withyaml.BookControllerYAMLTest" time="0.022">
    <system-out><![CDATA[Request method:	DELETE
Request URI:	http://localhost:8888/api/book/v1/1
Proxy:			<none>
Request params:	<none>
Query params:	<none>
Form params:	<none>
Path params:	id=1
Headers:		Origin=http://localhost:8080
				Accept=*/*
Cookies:		<none>
Multiparts:		<none>
Body:			<none>
2026-02-14T16:01:38.571-03:00  INFO 2640 --- [aprendendoSpring] [nio-8888-exec-9] b.c.g.pessoa.service.BookService         : Deleting one book
HTTP/1.1 204 
Vary: Origin
Vary: Access-Control-Request-Method
Vary: Access-Control-Request-Headers
Access-Control-Allow-Origin: http://localhost:8080
Access-Control-Allow-Credentials: true
Date: Sat, 14 Feb 2026 19:01:38 GMT
Keep-Alive: timeout=60
Connection: keep-alive
]]></system-out>
  </testcase>
</testsuite>